<?xml version="1.0" encoding="UTF-8"?>
<testsuite xmlns:xsi="http://www.w3.org/2001/XMLSchema-instance" xsi:noNamespaceSchemaLocation="https://maven.apache.org/surefire/maven-surefire-plugin/xsd/surefire-test-report.xsd" version="3.0.2" name="com.example.springrestdemo.TaskControllerTest" time="1.355" tests="2" errors="0" skipped="0" failures="0">
  <properties>
[...]
</properties>
  <testcase name="patchTask_updatesStatus" classname="com.example.springrestdemo.TaskControllerTest" time="0.499">
    <system-out><![CDATA[16:01:49.719 [main] INFO org.springframework.test.context.support.AnnotationConfigContextLoaderUtils -- Could not detect default configuration classes for test class [com.example.springrestdemo.TaskControllerTest]: TaskControllerTest does not declare any static, non-private, non-final, nested classes annotated with @Configuration.
16:01:49.769 [main] INFO org.springframework.boot.test.context.SpringBootTestContextBootstrapper -- Found @SpringBootConfiguration com.example.springrestdemo.SpringRestDemoApplication for test class com.example.springrestdemo.TaskControllerTest

  .   ____          _            __ _ _
 /\\ / ___'_ __ _ _(_)_ __  __ _ \ \ \ \
( ( )\___ | '_ | '_| | '_ \/ _` | \ \ \ \
 \\/  ___)| |_)| | | | | || (_| |  ) ) ) )
  '  |____| .__|_| |_|_| |_\__, | / / / /
 =========|_|==============|___/=/_/_/_/

 :: Spring Boot ::                (v3.4.5)

2026-05-13T16:01:49.925+03:00  INFO 70790 --- [spring-rest-demo] [           main] c.e.springrestdemo.TaskControllerTest    : Starting TaskControllerTest using Java 17.0.12 with PID 70790 (started by tceboyaci in /Users/tceboyaci/Projects/ai-hackathon/java-project)
2026-05-13T16:01:49.926+03:00  INFO 70790 --- [spring-rest-demo] [           main] c.e.springrestdemo.TaskControllerTest    : No active profile set, falling back to 1 default profile: "default"
2026-05-13T16:01:50.490+03:00  INFO 70790 --- [spring-rest-demo] [           main] o.s.b.t.m.w.SpringBootMockServletContext : Initializing Spring TestDispatcherServlet ''
2026-05-13T16:01:50.491+03:00  INFO 70790 --- [spring-rest-demo] [           main] o.s.t.web.servlet.TestDispatcherServlet  : Initializing Servlet ''
2026-05-13T16:01:50.491+03:00  INFO 70790 --- [spring-rest-demo] [           main] o.s.t.web.servlet.TestDispatcherServlet  : Completed initialization in 0 ms
2026-05-13T16:01:50.502+03:00  INFO 70790 --- [spring-rest-demo] [           main] c.e.springrestdemo.TaskControllerTest    : Started TaskControllerTest in 0.68 seconds (process running for 1.08)
]]></system-out>
  </testcase>
  <testcase name="getTasks_returnsList" classname="com.example.springrestdemo.TaskControllerTest" time="0.007"/>
</testsuite>